<?xml version="1.0" encoding="UTF-8"?>
<!-- Generated by org.testng.reporters.JUnitReportReporter -->
<testsuite skipped="0" hostname="CBT-073" name="in.spencers.Testscript.CheckTitle" tests="2" failures="0" timestamp="17 Aug 2017 14:48:58 GMT" time="2.024" errors="0">
  <testcase name="checkTitle" time="1.938" classname="in.spencers.Testscript.CheckTitle"/>
  <testcase name="checkTitle" time="0.086" classname="in.spencers.Testscript.CheckTitle"/>
</testsuite> <!-- in.spencers.Testscript.CheckTitle -->
